<?xml version="1.0" encoding="UTF-8" ?>
<testsuite failures="2" time="0.002" errors="0" skipped="0" tests="20" name="de.loki.metallum.search.service.advanced.BandSearchSearchServiceTest">
  <properties>
[...]
</properties>
  <testcase time="0" classname="de.loki.metallum.search.service.advanced.BandSearchSearchServiceTest" name="bandNameTest">
    <failure type="junit.framework.AssertionFailedError">junit.framework.AssertionFailedError
	at junit.framework.Assert.fail(Assert.java:48)
	at junit.framework.Assert.assertTrue(Assert.java:20)
	at junit.framework.Assert.assertTrue(Assert.java:27)
	at de.loki.metallum.search.service.advanced.BandSearchSearchServiceTest.bandNameTest(BandSearchSearchServiceTest.java:45)
	at sun.reflect.NativeMethodAccessorImpl.invoke0(Native Method)
	at sun.reflect.NativeMethodAccessorImpl.invoke(NativeMethodAccessorImpl.java:39)
	at sun.reflect.DelegatingMethodAccessorImpl.invoke(DelegatingMethodAccessorImpl.java:25)
	at java.lang.reflect.Method.invoke(Method.java:597)
	at org.junit.runners.model.FrameworkMethod$1.runReflectiveCall(FrameworkMethod.java:45)
	at org.junit.internal.runners.model.ReflectiveCallable.run(ReflectiveCallable.java:15)
	at org.junit.runners.model.FrameworkMethod.invokeExplosively(FrameworkMethod.java:42)
	at org.junit.internal.runners.statements.InvokeMethod.evaluate(InvokeMethod.java:20)
	at org.junit.runners.ParentRunner.runLeaf(ParentRunner.java:263)
	at org.junit.runners.BlockJUnit4ClassRunner.runChild(BlockJUnit4ClassRunner.java:68)
	at org.junit.runners.BlockJUnit4ClassRunner.runChild(BlockJUnit4ClassRunner.java:47)
	at org.junit.runners.ParentRunner$3.run(ParentRunner.java:231)
	at org.junit.runners.ParentRunner$1.schedule(ParentRunner.java:60)
	at org.junit.runners.ParentRunner.runChildren(ParentRunner.java:229)
	at org.junit.runners.ParentRunner.access$000(ParentRunner.java:50)
	at org.junit.runners.ParentRunner$2.evaluate(ParentRunner.java:222)
	at org.junit.internal.runners.statements.RunBefores.evaluate(RunBefores.java:28)
	at org.junit.runners.ParentRunner.run(ParentRunner.java:300)
	at org.junit.runners.Suite.runChild(Suite.java:128)
	at org.junit.runners.Suite.runChild(Suite.java:24)
	at org.junit.runners.ParentRunner$3.run(ParentRunner.java:231)
	at java.util.concurrent.Executors$RunnableAdapter.call(Executors.java:441)
	at java.util.concurrent.FutureTask$Sync.innerRun(FutureTask.java:303)
	at java.util.concurrent.FutureTask.run(FutureTask.java:138)
	at java.util.concurrent.ThreadPoolExecutor$Worker.runTask(ThreadPoolExecutor.java:886)
	at java.util.concurrent.ThreadPoolExecutor$Worker.run(ThreadPoolExecutor.java:908)
	at java.lang.Thread.run(Thread.java:680)
</failure>
  </testcase>
  <testcase time="3.782" classname="de.loki.metallum.search.service.advanced.BandSearchSearchServiceTest" name="exactBandNameTest"/>
  <testcase time="2.717" classname="de.loki.metallum.search.service.advanced.BandSearchSearchServiceTest" name="genreTest"/>
  <testcase time="2.514" classname="de.loki.metallum.search.service.advanced.BandSearchSearchServiceTest" name="countryTest"/>
  <testcase time="0.858" classname="de.loki.metallum.search.service.advanced.BandSearchSearchServiceTest" name="cacheCommonTest"/>
  <testcase time="0.357" classname="de.loki.metallum.search.service.advanced.BandSearchSearchServiceTest" name="multiCountryTest"/>
  <testcase time="0.388" classname="de.loki.metallum.search.service.advanced.BandSearchSearchServiceTest" name="toYearOfFormationTest"/>
  <testcase time="0.001" classname="de.loki.metallum.search.service.advanced.BandSearchSearchServiceTest" name="fromYearOfFormationTest">
    <failure type="junit.framework.AssertionFailedError">junit.framework.AssertionFailedError
	at junit.framework.Assert.fail(Assert.java:48)
	at junit.framework.Assert.assertTrue(Assert.java:20)
	at junit.framework.Assert.assertTrue(Assert.java:27)
	at de.loki.metallum.search.service.advanced.BandSearchSearchServiceTest.fromYearOfFormationTest(BandSearchSearchServiceTest.java:257)
	at sun.reflect.NativeMethodAccessorImpl.invoke0(Native Method)
	at sun.reflect.NativeMethodAccessorImpl.invoke(NativeMethodAccessorImpl.java:39)
	at sun.reflect.DelegatingMethodAccessorImpl.invoke(DelegatingMethodAccessorImpl.java:25)
	at java.lang.reflect.Method.invoke(Method.java:597)
	at org.junit.runners.model.FrameworkMethod$1.runReflectiveCall(FrameworkMethod.java:45)
	at org.junit.internal.runners.model.ReflectiveCallable.run(ReflectiveCallable.java:15)
	at org.junit.runners.model.FrameworkMethod.invokeExplosively(FrameworkMethod.java:42)
	at org.junit.internal.runners.statements.InvokeMethod.evaluate(InvokeMethod.java:20)
	at org.junit.runners.ParentRunner.runLeaf(ParentRunner.java:263)
	at org.junit.runners.BlockJUnit4ClassRunner.runChild(BlockJUnit4ClassRunner.java:68)
	at org.junit.runners.BlockJUnit4ClassRunner.runChild(BlockJUnit4ClassRunner.java:47)
	at org.junit.runners.ParentRunner$3.run(ParentRunner.java:231)
	at org.junit.runners.ParentRunner$1.schedule(ParentRunner.java:60)
	at org.junit.runners.ParentRunner.runChildren(ParentRunner.java:229)
	at org.junit.runners.ParentRunner.access$000(ParentRunner.java:50)
	at org.junit.runners.ParentRunner$2.evaluate(ParentRunner.java:222)
	at org.junit.internal.runners.statements.RunBefores.evaluate(RunBefores.java:28)
	at org.junit.runners.ParentRunner.run(ParentRunner.java:300)
	at org.junit.runners.Suite.runChild(Suite.java:128)
	at org.junit.runners.Suite.runChild(Suite.java:24)
	at org.junit.runners.ParentRunner$3.run(ParentRunner.java:231)
	at java.util.concurrent.Executors$RunnableAdapter.call(Executors.java:441)
	at java.util.concurrent.FutureTask$Sync.innerRun(FutureTask.java:303)
	at java.util.concurrent.FutureTask.run(FutureTask.java:138)
	at java.util.concurrent.ThreadPoolExecutor$Worker.runTask(ThreadPoolExecutor.java:886)
	at java.util.concurrent.ThreadPoolExecutor$Worker.run(ThreadPoolExecutor.java:908)
	at java.lang.Thread.run(Thread.java:680)
</failure>
  </testcase>
  <testcase time="2.686" classname="de.loki.metallum.search.service.advanced.BandSearchSearchServiceTest" name="fromAndToYearOfFormationTestTest"/>
  <testcase time="1.409" classname="de.loki.metallum.search.service.advanced.BandSearchSearchServiceTest" name="bandStatusTest"/>
  <testcase time="2.129" classname="de.loki.metallum.search.service.advanced.BandSearchSearchServiceTest" name="multiBandStatusTest"/>
  <testcase time="1.257" classname="de.loki.metallum.search.service.advanced.BandSearchSearchServiceTest" name="onHoldTest"/>
  <testcase time="0.408" classname="de.loki.metallum.search.service.advanced.BandSearchSearchServiceTest" name="lyricalThemesTest"/>
  <testcase time="0.375" classname="de.loki.metallum.search.service.advanced.BandSearchSearchServiceTest" name="provinceTest"/>
  <testcase time="4.02" classname="de.loki.metallum.search.service.advanced.BandSearchSearchServiceTest" name="imagesTest"/>
  <testcase time="3.651" classname="de.loki.metallum.search.service.advanced.BandSearchSearchServiceTest" name="reviewTest"/>
  <testcase time="2.789" classname="de.loki.metallum.search.service.advanced.BandSearchSearchServiceTest" name="reviewPercentAverageTest"/>
  <testcase time="0" classname="de.loki.metallum.search.service.advanced.BandSearchSearchServiceTest" name="metallumExceptionTest"/>
  <testcase time="1.576" classname="de.loki.metallum.search.service.advanced.BandSearchSearchServiceTest" name="similarArtistTest"/>
  <testcase time="0.8" classname="de.loki.metallum.search.service.advanced.BandSearchSearchServiceTest" name="directIdTest"/>
</testsuite>